16:04:25 **** Incremental Build of configuration Debug for project diagramm ****
make all 
Building file: ../diagram.cpp
Invoking: GCC C++ Compiler
g++ -O0 -g3 -Wall -c -fmessage-length=0 -MMD -MP -MF"diagram.d" -MT"diagram.o" -o "diagram.o" "../diagram.cpp"
Finished building: ../diagram.cpp
 
Building target: diagramm
Invoking: GCC C++ Linker
g++  -o "diagramm"  ./diagram.o ./testdiagramm.o   -lSDL -lSDL_gfx -lrt -lpthread
Finished building target: diagramm
 
16:04:29 **** Incremental Build of configuration Debug for project diagramm ****
make all 
make: Für das Ziel »all« ist nichts zu tun.
16:04:29 **** Incremental Build of configuration Debug for project art2-v4 ****
make all 
make: *** Keine Regel vorhanden, um das Target »aufgabe4.o«, 
  benötigt von »art2-v4«, zu erstellen.  Schluss.
16:04:30 **** Incremental Build of configuration Debug for project art2-v3 ****
make all 
make: *** Keine Regel vorhanden, um das Target »aufgabe3.o«, 
  benötigt von »art2-v3«, zu erstellen.  Schluss.
16:04:30 **** Incremental Build of configuration Debug for project art2-v2 ****
make all 
Building target: art2-v2
Invoking: GCC C++ Linker
g++ -L"/home/mrt/Desktop/Workspace_Echtzeitsimulation_neu/Echtzeit-Coernel/diagramm" -o "art2-v2"  ./mailbox.o  /home/mrt/Desktop/Workspace_Echtzeitsimulation_neu/Echtzeit-Coernel/diagramm/Debug/diagram.o -lSDL -lSDL_gfx -lrt -lpthread
Finished building target: art2-v2
 
16:04:31 **** Incremental Build of configuration Debug for project art2-v1 ****
make all 
Building target: art2-v1
Invoking: GCC C++ Linker
g++ -L"/home/mrt/Desktop/Workspace_Echtzeitsimulation_neu/Echtzeit-Coernel/diagramm" -o "art2-v1"  ./Aufgabe\ 1/mailbox.o  /home/mrt/Desktop/Workspace_Echtzeitsimulation_neu/Echtzeit-Coernel/diagramm/Debug/diagram.o -lSDL -lSDL_gfx -lrt -lpthread
Finished building target: art2-v1
 
16:04:32 **** Incremental Build of configuration Debug for project Aufgabe 4g ****
make all 
Building target: art2-v4
Invoking: GCC C++ Linker
g++ -L"/home/mrt/Desktop/Workspace_Echtzeitsimulation_neu/Echtzeit-Coernel/diagramm" -o "art2-v4"  ./mailbox.o  /home/mrt/Desktop/Workspace_Echtzeitsimulation_neu/Echtzeit-Coernel/diagramm/Debug/diagram.o -lSDL -lSDL_gfx -lrt -lpthread
Finished building target: art2-v4
 
16:04:32 **** Incremental Build of configuration Debug for project Aufgabe 3g ****
make all 
Building target: art2-v1
Invoking: GCC C++ Linker
g++ -L"/home/mrt/Desktop/Workspace_Echtzeitsimulation_neu/Echtzeit-Coernel/diagramm" -o "art2-v1"  ./mailbox_3.o  /home/mrt/Desktop/Workspace_Echtzeitsimulation_neu/Echtzeit-Coernel/diagramm/Debug/diagram.o -lSDL -lSDL_gfx -lrt -lpthread
Finished building target: art2-v1
 
16:04:33 **** Incremental Build of configuration Debug for project Aufgabe 2g ****
make all 
Building target: art2-v1
Invoking: GCC C++ Linker
g++ -L"/home/mrt/Desktop/Workspace_Echtzeitsimulation_neu/Echtzeit-Coernel/diagramm" -o "art2-v1"  ./mailbox.o  /home/mrt/Desktop/Workspace_Echtzeitsimulation_neu/Echtzeit-Coernel/diagramm/Debug/diagram.o -lSDL -lSDL_gfx -lrt -lpthread
Finished building target: art2-v1
 
16:04:34 **** Incremental Build of configuration Debug for project Aufgabe 1g ****
make all 
Building target: art2-v1
Invoking: GCC C++ Linker
g++ -L"/home/mrt/Desktop/Workspace_Echtzeitsimulation_neu/Echtzeit-Coernel/diagramm" -o "art2-v1"  ./mailbox.o  /home/mrt/Desktop/Workspace_Echtzeitsimulation_neu/Echtzeit-Coernel/diagramm/Debug/diagram.o -lSDL -lSDL_gfx -lrt -lpthread
Finished building target: art2-v1
 
16:04:34 **** Incremental Build of configuration Debug for project mailbox ****
make all 
Building target: mailbox
Invoking: GCC C++ Linker
g++  -o "mailbox"  ./mailbox.o  /home/mrt/Desktop/Workspace_Echtzeitsimulation_neu/Echtzeit-Coernel/diagramm/Debug/diagram.o -lSDL -lSDL_gfx -lrt -lpthread
Finished building target: mailbox
 
16:04:35 **** Incremental Build of configuration Debug for project semaphore ****
make all 
make: Für das Ziel »all« ist nichts zu tun.
16:04:36 **** Incremental Build of configuration Debug for project sematimer ****
make all 
make: Für das Ziel »all« ist nichts zu tun.
16:04:36 **** Incremental Build of configuration Debug for project thread ****
make all 
make: Für das Ziel »all« ist nichts zu tun.
16:04:36 **** Incremental Build of configuration Debug for project timer ****
make all 
make: Für das Ziel »all« ist nichts zu tun.
16:04:39 **** Incremental Build of configuration Debug for project diagramm ****
make all 
make: Für das Ziel »all« ist nichts zu tun.
16:05:48 **** Incremental Build of configuration Debug for project diagramm ****
make all 
Building file: ../diagram.cpp
Invoking: GCC C++ Compiler
g++ -O0 -g3 -Wall -c -fmessage-length=0 -MMD -MP -MF"diagram.d" -MT"diagram.o" -o "diagram.o" "../diagram.cpp"
Finished building: ../diagram.cpp
 
Building target: diagramm
Invoking: GCC C++ Linker
g++  -o "diagramm"  ./diagram.o ./testdiagramm.o   -lSDL -lSDL_gfx -lrt -lpthread
Finished building target: diagramm
 
16:05:49 **** Incremental Build of configuration Debug for project Aufgabe 4g ****
make all 
Building target: art2-v4
Invoking: GCC C++ Linker
g++ -L"/home/mrt/Desktop/Workspace_Echtzeitsimulation_neu/Echtzeit-Coernel/diagramm" -o "art2-v4"  ./mailbox.o  /home/mrt/Desktop/Workspace_Echtzeitsimulation_neu/Echtzeit-Coernel/diagramm/Debug/diagram.o -lSDL -lSDL_gfx -lrt -lpthread
Finished building target: art2-v4
 
16:05:50 **** Incremental Build of configuration Debug for project Aufgabe 3g ****
make all 
Building target: art2-v1
Invoking: GCC C++ Linker
g++ -L"/home/mrt/Desktop/Workspace_Echtzeitsimulation_neu/Echtzeit-Coernel/diagramm" -o "art2-v1"  ./mailbox_3.o  /home/mrt/Desktop/Workspace_Echtzeitsimulation_neu/Echtzeit-Coernel/diagramm/Debug/diagram.o -lSDL -lSDL_gfx -lrt -lpthread
Finished building target: art2-v1
 
16:05:50 **** Incremental Build of configuration Debug for project Aufgabe 2g ****
make all 
Building target: art2-v1
Invoking: GCC C++ Linker
g++ -L"/home/mrt/Desktop/Workspace_Echtzeitsimulation_neu/Echtzeit-Coernel/diagramm" -o "art2-v1"  ./mailbox.o  /home/mrt/Desktop/Workspace_Echtzeitsimulation_neu/Echtzeit-Coernel/diagramm/Debug/diagram.o -lSDL -lSDL_gfx -lrt -lpthread
Finished building target: art2-v1
 
16:05:51 **** Incremental Build of configuration Debug for project Aufgabe 1g ****
make all 
Building target: art2-v1
Invoking: GCC C++ Linker
g++ -L"/home/mrt/Desktop/Workspace_Echtzeitsimulation_neu/Echtzeit-Coernel/diagramm" -o "art2-v1"  ./mailbox.o  /home/mrt/Desktop/Workspace_Echtzeitsimulation_neu/Echtzeit-Coernel/diagramm/Debug/diagram.o -lSDL -lSDL_gfx -lrt -lpthread
Finished building target: art2-v1
 
16:05:52 **** Incremental Build of configuration Debug for project mailbox ****
make all 
Building target: mailbox
Invoking: GCC C++ Linker
g++  -o "mailbox"  ./mailbox.o  /home/mrt/Desktop/Workspace_Echtzeitsimulation_neu/Echtzeit-Coernel/diagramm/Debug/diagram.o -lSDL -lSDL_gfx -lrt -lpthread
Finished building target: mailbox
 
16:05:57 **** Incremental Build of configuration Debug for project diagramm ****
make all 
make: Für das Ziel »all« ist nichts zu tun.
16:06:16 **** Incremental Build of configuration Debug for project diagramm ****
make all 
Building file: ../diagram.cpp
Invoking: GCC C++ Compiler
g++ -O0 -g3 -Wall -c -fmessage-length=0 -MMD -MP -MF"diagram.d" -MT"diagram.o" -o "diagram.o" "../diagram.cpp"
Finished building: ../diagram.cpp
 
Building target: diagramm
Invoking: GCC C++ Linker
g++  -o "diagramm"  ./diagram.o ./testdiagramm.o   -lSDL -lSDL_gfx -lrt -lpthread
Finished building target: diagramm
 
16:06:17 **** Incremental Build of configuration Debug for project Aufgabe 4g ****
make all 
Building target: art2-v4
Invoking: GCC C++ Linker
g++ -L"/home/mrt/Desktop/Workspace_Echtzeitsimulation_neu/Echtzeit-Coernel/diagramm" -o "art2-v4"  ./mailbox.o  /home/mrt/Desktop/Workspace_Echtzeitsimulation_neu/Echtzeit-Coernel/diagramm/Debug/diagram.o -lSDL -lSDL_gfx -lrt -lpthread
Finished building target: art2-v4
 
16:06:18 **** Incremental Build of configuration Debug for project Aufgabe 3g ****
make all 
Building target: art2-v1
Invoking: GCC C++ Linker
g++ -L"/home/mrt/Desktop/Workspace_Echtzeitsimulation_neu/Echtzeit-Coernel/diagramm" -o "art2-v1"  ./mailbox_3.o  /home/mrt/Desktop/Workspace_Echtzeitsimulation_neu/Echtzeit-Coernel/diagramm/Debug/diagram.o -lSDL -lSDL_gfx -lrt -lpthread
Finished building target: art2-v1
 
16:06:18 **** Incremental Build of configuration Debug for project Aufgabe 2g ****
make all 
Building target: art2-v1
Invoking: GCC C++ Linker
g++ -L"/home/mrt/Desktop/Workspace_Echtzeitsimulation_neu/Echtzeit-Coernel/diagramm" -o "art2-v1"  ./mailbox.o  /home/mrt/Desktop/Workspace_Echtzeitsimulation_neu/Echtzeit-Coernel/diagramm/Debug/diagram.o -lSDL -lSDL_gfx -lrt -lpthread
Finished building target: art2-v1
 
16:06:19 **** Incremental Build of configuration Debug for project Aufgabe 1g ****
make all 
Building target: art2-v1
Invoking: GCC C++ Linker
g++ -L"/home/mrt/Desktop/Workspace_Echtzeitsimulation_neu/Echtzeit-Coernel/diagramm" -o "art2-v1"  ./mailbox.o  /home/mrt/Desktop/Workspace_Echtzeitsimulation_neu/Echtzeit-Coernel/diagramm/Debug/diagram.o -lSDL -lSDL_gfx -lrt -lpthread
Finished building target: art2-v1
 
16:06:20 **** Incremental Build of configuration Debug for project mailbox ****
make all 
Building target: mailbox
Invoking: GCC C++ Linker
g++  -o "mailbox"  ./mailbox.o  /home/mrt/Desktop/Workspace_Echtzeitsimulation_neu/Echtzeit-Coernel/diagramm/Debug/diagram.o -lSDL -lSDL_gfx -lrt -lpthread
Finished building target: mailbox
 
16:06:22 **** Incremental Build of configuration Debug for project diagramm ****
make all 
make: Für das Ziel »all« ist nichts zu tun.
16:06:32 **** Incremental Build of configuration Debug for project diagramm ****
make all 
make: Für das Ziel »all« ist nichts zu tun.
16:06:33 **** Incremental Build of configuration Debug for project Aufgabe 1g ****
make all 
make: Für das Ziel »all« ist nichts zu tun.
